nohup: ignoring input

  .   ____          _            __ _ _
 /\\ / ___'_ __ _ _(_)_ __  __ _ \ \ \ \
( ( )\___ | '_ | '_| | '_ \/ _` | \ \ \ \
 \\/  ___)| |_)| | | | | || (_| |  ) ) ) )
  '  |____| .__|_| |_|_| |_\__, | / / / /
 =========|_|==============|___/=/_/_/_/
 :: Spring Boot ::                (v3.2.5)

2026-01-08T10:21:52.965Z  INFO 135673 --- [           main] c.o.o.OpenqaBackendApplication           : Starting OpenqaBackendApplication v0.0.1-SNAPSHOT using Java 17.0.17 with PID 135673 (/workspaces/openqa-platform/openqa-backend/target/openqa-backend-0.0.1-SNAPSHOT.jar started by codespace in /workspaces/openqa-platform/openqa-backend)
2026-01-08T10:21:52.979Z  INFO 135673 --- [           main] c.o.o.OpenqaBackendApplication           : The following 1 profile is active: "backend"
2026-01-08T10:21:55.981Z  INFO 135673 --- [           main] o.s.b.w.embedded.tomcat.TomcatWebServer  : Tomcat initialized with port 8080 (http)
2026-01-08T10:21:56.009Z  INFO 135673 --- [           main] o.apache.catalina.core.StandardService   : Starting service [Tomcat]
2026-01-08T10:21:56.009Z  INFO 135673 --- [           main] o.apache.catalina.core.StandardEngine    : Starting Servlet engine: [Apache Tomcat/10.1.20]
2026-01-08T10:21:56.090Z  INFO 135673 --- [           main] o.a.c.c.C.[Tomcat].[localhost].[/]       : Initializing Spring embedded WebApplicationContext
2026-01-08T10:21:56.093Z  INFO 135673 --- [           main] w.s.c.ServletWebServerApplicationContext : Root WebApplicationContext: initialization completed in 2920 ms
2026-01-08T10:21:56.868Z  INFO 135673 --- [           main] o.s.s.web.DefaultSecurityFilterChain     : Will secure any request with [org.springframework.security.web.session.DisableEncodeUrlFilter@25a7fedf, org.springframework.security.web.context.request.async.WebAsyncManagerIntegrationFilter@6361b799, org.springframework.security.web.context.SecurityContextHolderFilter@76f881d9, org.springframework.security.web.header.HeaderWriterFilter@2b6a0ea9, org.springframework.web.filter.CorsFilter@1b9d9a2b, org.springframework.security.web.authentication.logout.LogoutFilter@af7e376, org.springframework.security.web.savedrequest.RequestCacheAwareFilter@50a13c2f, org.springframework.security.web.servletapi.SecurityContextHolderAwareRequestFilter@610d28b8, org.springframework.security.web.authentication.AnonymousAuthenticationFilter@d919544, org.springframework.security.web.session.SessionManagementFilter@405b6d75, org.springframework.security.web.access.ExceptionTranslationFilter@78cfa264, org.springframework.security.web.access.intercept.AuthorizationFilter@f29353f]
2026-01-08T10:21:57.175Z  INFO 135673 --- [           main] o.s.b.w.embedded.tomcat.TomcatWebServer  : Tomcat started on port 8080 (http) with context path ''
2026-01-08T10:21:57.199Z  INFO 135673 --- [           main] c.o.o.OpenqaBackendApplication           : Started OpenqaBackendApplication in 5.173 seconds (process running for 6.251)
2026-01-08T10:22:07.997Z  INFO 135673 --- [nio-8080-exec-1] o.a.c.c.C.[Tomcat].[localhost].[/]       : Initializing Spring DispatcherServlet 'dispatcherServlet'
2026-01-08T10:22:07.997Z  INFO 135673 --- [nio-8080-exec-1] o.s.web.servlet.DispatcherServlet        : Initializing Servlet 'dispatcherServlet'
2026-01-08T10:22:07.999Z  INFO 135673 --- [nio-8080-exec-1] o.s.web.servlet.DispatcherServlet        : Completed initialization in 1 ms
2026-01-08T10:22:09.436Z ERROR 135673 --- [nio-8080-exec-1] c.o.openqa_backend.service.EmailService  : ❌ SendGrid API responded with status 401: {"errors":[{"message":"The provided authorization grant is invalid, expired, or revoked","field":null,"help":null}]}
